<?xml version="1.0" encoding="UTF-8"?>
<!-- Generated by org.testng.reporters.JUnitReportReporter -->
<testsuite hostname="MRodriguezs-MBP.hsd1.co.comcast.net" failures="0" tests="1" name="raTests.GetAndPostExamples" time="2.011" errors="0" timestamp="2021-06-06T07:12:40 MDT" skipped="0">
  <testcase classname="raTests.GetAndPostExamples" name="testPost" time="2.011"/>
  <system-out/>
</testsuite> <!-- raTests.GetAndPostExamples -->
