<?xml version="1.0" encoding="UTF-8"?>
<!-- Generated by org.testng.reporters.JUnitReportReporter -->
<testsuite hostname="MRodriguezs-MBP.hsd1.co.comcast.net" failures="0" tests="1" name="raTests.PutPatchDeleteExamples" time="1.946" errors="0" timestamp="2021-06-06T07:28:56 MDT" skipped="0">
  <testcase classname="raTests.PutPatchDeleteExamples" name="testDelete" time="1.946"/>
  <system-out/>
</testsuite> <!-- raTests.PutPatchDeleteExamples -->
