<?xml version="1.0" encoding="UTF-8"?>
<!-- Generated by org.testng.reporters.JUnitReportReporter -->
<testsuite hostname="MRodriguezs-MBP.hsd1.co.comcast.net" failures="0" tests="2" name="raTests.TestExamples" time="2.092" errors="0" timestamp="2021-06-05T11:53:22 MDT" skipped="0">
  <testcase classname="raTests.TestExamples" name="test_1" time="1.445"/>
  <system-out/>
  <testcase classname="raTests.TestExamples" name="test_2" time="0.647"/>
  <system-out/>
</testsuite> <!-- raTests.TestExamples -->
